<?xml version="1.0" encoding="UTF-8"?>
<!-- Generated by org.testng.reporters.JUnitReportReporter -->
<testsuite skipped="0" hostname="GUDU-PC" name="com.qa.test.AdminLogintest" tests="3" failures="0" timestamp="23 Apr 2021 05:56:56 GMT" time="120.745" errors="0">
  <testcase name="checkingLink" time="27.467" classname="com.qa.test.AdminLogintest"/>
  <testcase name="logincredential" time="59.599" classname="com.qa.test.AdminLogintest"/>
  <testcase name="checkingLogo" time="33.679" classname="com.qa.test.AdminLogintest"/>
</testsuite> <!-- com.qa.test.AdminLogintest -->
